<?xml version="1.0" encoding="UTF-8"?>
<testsuite xmlns:xsi="http://www.w3.org/2001/XMLSchema-instance" xsi:noNamespaceSchemaLocation="https://maven.apache.org/surefire/maven-surefire-plugin/xsd/surefire-test-report-3.0.xsd" version="3.0" name="br.com.caduartioli.ProdutoTest" time="0.652" tests="1" errors="0" skipped="0" failures="0">
  <properties>
[...]
</properties>
  <testcase name="testUm" classname="br.com.caduartioli.ProdutoTest" time="0.647">
    <system-out><![CDATA[&amp#27;[38;5;145m2021-09-25 21:34:03,194&amp#27;[39m&amp#27;[38;5;188m &amp#27;[39m&amp#27;[38;5;107mINFO &amp#27;[39m&amp#27;[38;5;188m [&amp#27;[39m&amp#27;[38;5;69mcom.git.dat.rid.cor.dat.DataSetExecutorImpl&amp#27;[39m&amp#27;[38;5;188m] (&amp#27;[39m&amp#27;[38;5;71mmain&amp#27;[39m&amp#27;[38;5;188m) &amp#27;[39m&amp#27;[38;5;151mDBUnit configuration for dataset executor 'CDI_DBUNIT_EXECUTOR':cacheConnection: true
cacheTableNames: true
caseInsensitiveStrategy: UPPERCASE
columnSensing: false
leakHunter: false
mergeDataSets: false
mergingStrategy: METHOD
disableSequenceFiltering: false
alwaysCleanBefore: false
alwaysCleanAfter: false
raiseExceptionOnCleanUp: false
disablePKCheckFor: com.github.database.rider.core.configuration.DBUnitConfig@b7b27867
schema: 
tableType: [TABLE]
allowEmptyFields: false
fetchSize: 100
qualifiedTableNames: false
batchSize: 100
batchedStatements: false
caseSensitiveTableNames: false
replacers: [com.github.database.rider.core.replacers.DateTimeReplacer@131c5bd, com.github.database.rider.core.replacers.UnixTimestampReplacer@394331a8, com.github.database.rider.core.replacers.NullReplacer@2627335c]
&amp#27;[39m&amp#27;[38;5;203m&amp#27;[39m&amp#27;[38;5;227m
&amp#27;[39m&amp#27;[38;5;145m2021-09-25 21:34:03,202&amp#27;[39m&amp#27;[38;5;188m &amp#27;[39m&amp#27;[38;5;107mINFO &amp#27;[39m&amp#27;[38;5;188m [&amp#27;[39m&amp#27;[38;5;69morg.dbu.dat.DatabaseConfig&amp#27;[39m&amp#27;[38;5;188m] (&amp#27;[39m&amp#27;[38;5;71mmain&amp#27;[39m&amp#27;[38;5;188m) &amp#27;[39m&amp#27;[38;5;151mThe property ending with 'schema' was not found. Please notify a dbunit developer to add the property to the class org.dbunit.database.DatabaseConfig&amp#27;[39m&amp#27;[38;5;203m&amp#27;[39m&amp#27;[38;5;227m
&amp#27;[39m&amp#27;[38;5;145m2021-09-25 21:34:03,202&amp#27;[39m&amp#27;[38;5;188m &amp#27;[39m&amp#27;[38;5;107mINFO &amp#27;[39m&amp#27;[38;5;188m [&amp#27;[39m&amp#27;[38;5;69morg.dbu.dat.DatabaseConfig&amp#27;[39m&amp#27;[38;5;188m] (&amp#27;[39m&amp#27;[38;5;71mmain&amp#27;[39m&amp#27;[38;5;188m) &amp#27;[39m&amp#27;[38;5;151mThe property ending with 'replacers' was not found. Please notify a dbunit developer to add the property to the class org.dbunit.database.DatabaseConfig&amp#27;[39m&amp#27;[38;5;203m&amp#27;[39m&amp#27;[38;5;227m
&amp#27;[39m]]></system-out>
  </testcase>
</testsuite>